2025-06-18 07:34:38,973 - INFO - === BẮT ĐẦU QUY TRÌNH ETL TỰ ĐỘNG VÀO SQL SERVER VÀ SSAS ===
2025-06-18 07:34:38,973 - INFO - Trích xuất dữ liệu từ DB nguồn để ETL vào SQL Server và SSAS...
2025-06-18 07:34:38,973 - INFO - Đang trích xuất dữ liệu từ database nguồn HTQL...
2025-06-18 07:34:39,343 - INFO - Đã lấy dữ liệu: 241 sản phẩm, 4 khách hàng, 3 đơn hàng, 31 nhà phân phối
2025-06-18 07:34:39,344 - INFO - Bắt đầu biến đổi dữ liệu
2025-06-18 07:34:39,368 - INFO - Biến đổi dữ liệu hoàn tất
2025-06-18 07:34:39,369 - INFO - Bắt đầu đẩy dữ liệu vào SQL Server...
2025-06-18 07:34:44,353 - INFO - Kết nối SQL Server thành công.
2025-06-18 07:34:44,354 - INFO - Đang upsert 241 dòng vào bảng Product...
2025-06-18 07:34:44,608 - INFO - Đã upsert xong bảng Product
2025-06-18 07:34:44,608 - INFO - Đang upsert 1 dòng vào bảng Time...
2025-06-18 07:34:44,614 - INFO - Đã upsert xong bảng Time
2025-06-18 07:34:44,614 - INFO - Đang upsert 4 dòng vào bảng Customer...
2025-06-18 07:34:44,626 - INFO - Đã upsert xong bảng Customer
2025-06-18 07:34:44,627 - INFO - Đang upsert 4 dòng vào bảng Customer_type...
2025-06-18 07:34:44,634 - INFO - Đã upsert xong bảng Customer_type
2025-06-18 07:34:44,634 - INFO - Đang upsert 4 dòng vào bảng Customer_location...
2025-06-18 07:34:44,650 - INFO - Đã upsert xong bảng Customer_location
2025-06-18 07:34:44,651 - INFO - Đang upsert 31 dòng vào bảng distributor...
2025-06-18 07:34:44,712 - INFO - Đã upsert xong bảng distributor
2025-06-18 07:34:44,713 - INFO - Đang upsert 3 dòng vào bảng Sales_rep...
2025-06-18 07:34:44,724 - INFO - Đã upsert xong bảng Sales_rep
2025-06-18 07:34:44,724 - INFO - Đang upsert 3 dòng vào bảng Fact...
2025-06-18 07:34:45,416 - INFO - Đã upsert xong bảng Fact
2025-06-18 07:34:45,417 - INFO - Đẩy dữ liệu vào SQL Server thành công (không xóa dữ liệu cũ).
2025-06-18 07:34:45,418 - INFO - Bắt đầu quá trình tự động cập nhật SSAS...
2025-06-18 07:34:45,418 - INFO - Đang tự động cập nhật SSAS database...
2025-06-18 07:34:45,419 - INFO - Tạo script XMLA để process SSAS database...
2025-06-18 07:34:45,419 - INFO - Đã tạo script XMLA tại output_data\process_20250618_073445\process_ssas.xmla
2025-06-18 07:34:45,420 - INFO - Sử dụng PowerShell để process SSAS...
2025-06-18 07:34:45,420 - INFO - Đang thực thi PowerShell script output_data\process_20250618_073445\auto_process.ps1...
2025-06-18 07:34:50,755 - INFO - SSAS đã được cập nhật thành công qua PowerShell!
2025-06-18 07:34:50,755 - INFO - === KẾT THÚC QUY TRÌNH ETL === (Thời gian xử lý: 11.782615 giây)
2025-06-18 07:34:50,756 - INFO - ✓ SSAS đã được cập nhật thành công! Có thể làm mới Power BI để xem dữ liệu mới.
