2025-06-17 21:31:12,807 - INFO - === BẮT ĐẦU QUY TRÌNH ETL TỰ ĐỘNG VÀO SQL SERVER VÀ SSAS ===
2025-06-17 21:31:12,807 - INFO - Trích xuất dữ liệu từ DB nguồn để ETL vào SQL Server và SSAS...
2025-06-17 21:31:12,807 - INFO - Đang trích xuất dữ liệu từ database nguồn HTQL...
2025-06-17 21:31:13,261 - INFO - Đã lấy dữ liệu: 241 sản phẩm, 4 khách hàng, 8 đơn hàng, 30 nhà phân phối
2025-06-17 21:31:13,261 - INFO - Bắt đầu biến đổi dữ liệu
2025-06-17 21:31:13,290 - INFO - Biến đổi dữ liệu hoàn tất
2025-06-17 21:31:13,290 - INFO - Bắt đầu đẩy dữ liệu vào SQL Server...
2025-06-17 21:31:13,370 - INFO - Kết nối SQL Server thành công.
2025-06-17 21:31:13,370 - INFO - Đang upsert 241 dòng vào bảng Product...
2025-06-17 21:31:13,662 - INFO - Đã upsert xong bảng Product
2025-06-17 21:31:13,663 - INFO - Đang upsert 2 dòng vào bảng Time...
2025-06-17 21:31:13,668 - INFO - Đã upsert xong bảng Time
2025-06-17 21:31:13,669 - INFO - Đang upsert 4 dòng vào bảng Customer...
2025-06-17 21:31:13,681 - INFO - Đã upsert xong bảng Customer
2025-06-17 21:31:13,681 - INFO - Đang upsert 4 dòng vào bảng Customer_type...
2025-06-17 21:31:13,691 - INFO - Đã upsert xong bảng Customer_type
2025-06-17 21:31:13,691 - INFO - Đang upsert 4 dòng vào bảng Customer_location...
2025-06-17 21:31:13,712 - INFO - Đã upsert xong bảng Customer_location
2025-06-17 21:31:13,713 - INFO - Đang upsert 30 dòng vào bảng distributor...
2025-06-17 21:31:13,776 - INFO - Đã upsert xong bảng distributor
2025-06-17 21:31:13,776 - INFO - Đang upsert 2 dòng vào bảng Sales_rep...
2025-06-17 21:31:13,789 - INFO - Đã upsert xong bảng Sales_rep
2025-06-17 21:31:13,789 - INFO - Đang upsert 8 dòng vào bảng Fact...
2025-06-17 21:31:15,710 - INFO - Đã upsert xong bảng Fact
2025-06-17 21:31:15,711 - INFO - Đẩy dữ liệu vào SQL Server thành công (không xóa dữ liệu cũ).
2025-06-17 21:31:15,711 - INFO - Bắt đầu quá trình tự động cập nhật SSAS...
2025-06-17 21:31:15,712 - INFO - Đang tự động cập nhật SSAS database...
2025-06-17 21:31:15,712 - INFO - Tạo script XMLA để process SSAS database...
2025-06-17 21:31:15,713 - INFO - Đã tạo script XMLA tại output_data\process_20250617_213115\process_ssas.xmla
2025-06-17 21:31:15,713 - INFO - Phương pháp 1: Sử dụng PowerShell để process SSAS...
2025-06-17 21:31:15,713 - INFO - Đang thực thi PowerShell script output_data\process_20250617_213115\auto_process.ps1...
2025-06-17 21:31:18,813 - INFO - SSAS đã được cập nhật thành công qua PowerShell!
2025-06-17 21:31:18,814 - INFO - === KẾT THÚC QUY TRÌNH ETL === (Thời gian xử lý: 6.00638 giây)
2025-06-17 21:31:18,814 - INFO - ✓ SSAS đã được cập nhật thành công! Có thể làm mới Power BI để xem dữ liệu mới.
2025-06-17 21:31:49,401 - INFO - === BẮT ĐẦU QUY TRÌNH ETL TỰ ĐỘNG VÀO SQL SERVER VÀ SSAS ===
2025-06-17 21:31:49,401 - INFO - Trích xuất dữ liệu từ DB nguồn để ETL vào SQL Server và SSAS...
2025-06-17 21:31:49,401 - INFO - Đang trích xuất dữ liệu từ database nguồn HTQL...
2025-06-17 21:31:49,585 - INFO - Đã lấy dữ liệu: 241 sản phẩm, 4 khách hàng, 8 đơn hàng, 30 nhà phân phối
2025-06-17 21:31:49,585 - INFO - Bắt đầu biến đổi dữ liệu
2025-06-17 21:31:49,597 - INFO - Biến đổi dữ liệu hoàn tất
2025-06-17 21:31:49,597 - INFO - Bắt đầu đẩy dữ liệu vào SQL Server...
2025-06-17 21:31:49,629 - INFO - Kết nối SQL Server thành công.
2025-06-17 21:31:49,629 - INFO - Đang upsert 241 dòng vào bảng Product...
2025-06-17 21:31:49,722 - INFO - Đã upsert xong bảng Product
2025-06-17 21:31:49,722 - INFO - Đang upsert 2 dòng vào bảng Time...
2025-06-17 21:31:49,724 - INFO - Đã upsert xong bảng Time
2025-06-17 21:31:49,724 - INFO - Đang upsert 4 dòng vào bảng Customer...
2025-06-17 21:31:49,727 - INFO - Đã upsert xong bảng Customer
2025-06-17 21:31:49,727 - INFO - Đang upsert 4 dòng vào bảng Customer_type...
2025-06-17 21:31:49,729 - INFO - Đã upsert xong bảng Customer_type
2025-06-17 21:31:49,729 - INFO - Đang upsert 4 dòng vào bảng Customer_location...
2025-06-17 21:31:49,732 - INFO - Đã upsert xong bảng Customer_location
2025-06-17 21:31:49,733 - INFO - Đang upsert 30 dòng vào bảng distributor...
2025-06-17 21:31:49,745 - INFO - Đã upsert xong bảng distributor
2025-06-17 21:31:49,746 - INFO - Đang upsert 2 dòng vào bảng Sales_rep...
2025-06-17 21:31:49,749 - INFO - Đã upsert xong bảng Sales_rep
2025-06-17 21:31:49,750 - INFO - Đang upsert 8 dòng vào bảng Fact...
2025-06-17 21:31:51,426 - INFO - Đã upsert xong bảng Fact
2025-06-17 21:31:51,427 - INFO - Đẩy dữ liệu vào SQL Server thành công (không xóa dữ liệu cũ).
2025-06-17 21:31:51,427 - INFO - Bắt đầu quá trình tự động cập nhật SSAS...
2025-06-17 21:31:51,428 - INFO - Đang tự động cập nhật SSAS database...
2025-06-17 21:31:51,428 - INFO - Tạo script XMLA để process SSAS database...
2025-06-17 21:31:51,429 - INFO - Đã tạo script XMLA tại output_data\process_20250617_213151\process_ssas.xmla
2025-06-17 21:31:51,429 - INFO - Phương pháp 1: Sử dụng PowerShell để process SSAS...
2025-06-17 21:31:51,430 - INFO - Đang thực thi PowerShell script output_data\process_20250617_213151\auto_process.ps1...
2025-06-17 21:31:53,854 - INFO - SSAS đã được cập nhật thành công qua PowerShell!
2025-06-17 21:31:53,854 - INFO - === KẾT THÚC QUY TRÌNH ETL === (Thời gian xử lý: 4.452909 giây)
2025-06-17 21:31:53,854 - INFO - ✓ SSAS đã được cập nhật thành công! Có thể làm mới Power BI để xem dữ liệu mới.
2025-06-17 21:32:24,445 - INFO - === BẮT ĐẦU QUY TRÌNH ETL TỰ ĐỘNG VÀO SQL SERVER VÀ SSAS ===
2025-06-17 21:32:24,445 - INFO - Trích xuất dữ liệu từ DB nguồn để ETL vào SQL Server và SSAS...
2025-06-17 21:32:24,445 - INFO - Đang trích xuất dữ liệu từ database nguồn HTQL...
2025-06-17 21:32:24,718 - INFO - Đã lấy dữ liệu: 241 sản phẩm, 4 khách hàng, 8 đơn hàng, 30 nhà phân phối
2025-06-17 21:32:24,718 - INFO - Bắt đầu biến đổi dữ liệu
2025-06-17 21:32:24,732 - INFO - Biến đổi dữ liệu hoàn tất
2025-06-17 21:32:24,732 - INFO - Bắt đầu đẩy dữ liệu vào SQL Server...
2025-06-17 21:32:24,799 - INFO - Kết nối SQL Server thành công.
2025-06-17 21:32:24,799 - INFO - Đang upsert 241 dòng vào bảng Product...
2025-06-17 21:32:25,043 - INFO - Đã upsert xong bảng Product
2025-06-17 21:32:25,043 - INFO - Đang upsert 2 dòng vào bảng Time...
2025-06-17 21:32:25,051 - INFO - Đã upsert xong bảng Time
2025-06-17 21:32:25,051 - INFO - Đang upsert 4 dòng vào bảng Customer...
2025-06-17 21:32:25,061 - INFO - Đã upsert xong bảng Customer
2025-06-17 21:32:25,062 - INFO - Đang upsert 4 dòng vào bảng Customer_type...
2025-06-17 21:32:25,072 - INFO - Đã upsert xong bảng Customer_type
2025-06-17 21:32:25,072 - INFO - Đang upsert 4 dòng vào bảng Customer_location...
2025-06-17 21:32:25,086 - INFO - Đã upsert xong bảng Customer_location
2025-06-17 21:32:25,086 - INFO - Đang upsert 30 dòng vào bảng distributor...
2025-06-17 21:32:25,130 - INFO - Đã upsert xong bảng distributor
2025-06-17 21:32:25,130 - INFO - Đang upsert 2 dòng vào bảng Sales_rep...
2025-06-17 21:32:25,138 - INFO - Đã upsert xong bảng Sales_rep
2025-06-17 21:32:25,138 - INFO - Đang upsert 8 dòng vào bảng Fact...
2025-06-17 21:32:26,892 - INFO - Đã upsert xong bảng Fact
2025-06-17 21:32:26,893 - INFO - Đẩy dữ liệu vào SQL Server thành công (không xóa dữ liệu cũ).
2025-06-17 21:32:26,893 - INFO - Bắt đầu quá trình tự động cập nhật SSAS...
2025-06-17 21:32:26,894 - INFO - Đang tự động cập nhật SSAS database...
2025-06-17 21:32:26,894 - INFO - Tạo script XMLA để process SSAS database...
2025-06-17 21:32:26,895 - INFO - Đã tạo script XMLA tại output_data\process_20250617_213226\process_ssas.xmla
2025-06-17 21:32:26,895 - INFO - Phương pháp 1: Sử dụng PowerShell để process SSAS...
2025-06-17 21:32:26,896 - INFO - Đang thực thi PowerShell script output_data\process_20250617_213226\auto_process.ps1...
2025-06-17 21:32:29,201 - INFO - SSAS đã được cập nhật thành công qua PowerShell!
2025-06-17 21:32:29,201 - INFO - === KẾT THÚC QUY TRÌNH ETL === (Thời gian xử lý: 4.756687 giây)
2025-06-17 21:32:29,201 - INFO - ✓ SSAS đã được cập nhật thành công! Có thể làm mới Power BI để xem dữ liệu mới.
2025-06-17 21:32:59,771 - INFO - === BẮT ĐẦU QUY TRÌNH ETL TỰ ĐỘNG VÀO SQL SERVER VÀ SSAS ===
2025-06-17 21:32:59,771 - INFO - Trích xuất dữ liệu từ DB nguồn để ETL vào SQL Server và SSAS...
2025-06-17 21:32:59,771 - INFO - Đang trích xuất dữ liệu từ database nguồn HTQL...
2025-06-17 21:32:59,987 - INFO - Đã lấy dữ liệu: 241 sản phẩm, 4 khách hàng, 8 đơn hàng, 31 nhà phân phối
2025-06-17 21:32:59,987 - INFO - Bắt đầu biến đổi dữ liệu
2025-06-17 21:32:59,999 - INFO - Biến đổi dữ liệu hoàn tất
2025-06-17 21:32:59,999 - INFO - Bắt đầu đẩy dữ liệu vào SQL Server...
2025-06-17 21:33:00,030 - INFO - Kết nối SQL Server thành công.
2025-06-17 21:33:00,030 - INFO - Đang upsert 241 dòng vào bảng Product...
2025-06-17 21:33:00,104 - INFO - Đã upsert xong bảng Product
2025-06-17 21:33:00,105 - INFO - Đang upsert 2 dòng vào bảng Time...
2025-06-17 21:33:00,106 - INFO - Đã upsert xong bảng Time
2025-06-17 21:33:00,106 - INFO - Đang upsert 4 dòng vào bảng Customer...
2025-06-17 21:33:00,108 - INFO - Đã upsert xong bảng Customer
2025-06-17 21:33:00,108 - INFO - Đang upsert 4 dòng vào bảng Customer_type...
2025-06-17 21:33:00,111 - INFO - Đã upsert xong bảng Customer_type
2025-06-17 21:33:00,112 - INFO - Đang upsert 4 dòng vào bảng Customer_location...
2025-06-17 21:33:00,114 - INFO - Đã upsert xong bảng Customer_location
2025-06-17 21:33:00,114 - INFO - Đang upsert 31 dòng vào bảng distributor...
2025-06-17 21:33:00,126 - INFO - Đã upsert xong bảng distributor
2025-06-17 21:33:00,126 - INFO - Đang upsert 3 dòng vào bảng Sales_rep...
2025-06-17 21:33:00,130 - INFO - Đã upsert xong bảng Sales_rep
2025-06-17 21:33:00,130 - INFO - Đang upsert 8 dòng vào bảng Fact...
2025-06-17 21:33:01,842 - INFO - Đã upsert xong bảng Fact
2025-06-17 21:33:01,843 - INFO - Đẩy dữ liệu vào SQL Server thành công (không xóa dữ liệu cũ).
2025-06-17 21:33:01,843 - INFO - Bắt đầu quá trình tự động cập nhật SSAS...
2025-06-17 21:33:01,844 - INFO - Đang tự động cập nhật SSAS database...
2025-06-17 21:33:01,844 - INFO - Tạo script XMLA để process SSAS database...
2025-06-17 21:33:01,844 - INFO - Đã tạo script XMLA tại output_data\process_20250617_213301\process_ssas.xmla
2025-06-17 21:33:01,844 - INFO - Phương pháp 1: Sử dụng PowerShell để process SSAS...
2025-06-17 21:33:01,845 - INFO - Đang thực thi PowerShell script output_data\process_20250617_213301\auto_process.ps1...
2025-06-17 21:33:04,174 - INFO - SSAS đã được cập nhật thành công qua PowerShell!
2025-06-17 21:33:04,175 - INFO - === KẾT THÚC QUY TRÌNH ETL === (Thời gian xử lý: 4.403763 giây)
2025-06-17 21:33:04,175 - INFO - ✓ SSAS đã được cập nhật thành công! Có thể làm mới Power BI để xem dữ liệu mới.
2025-06-17 21:33:34,712 - INFO - === BẮT ĐẦU QUY TRÌNH ETL TỰ ĐỘNG VÀO SQL SERVER VÀ SSAS ===
2025-06-17 21:33:34,712 - INFO - Trích xuất dữ liệu từ DB nguồn để ETL vào SQL Server và SSAS...
2025-06-17 21:33:34,713 - INFO - Đang trích xuất dữ liệu từ database nguồn HTQL...
2025-06-17 21:33:35,040 - INFO - Đã lấy dữ liệu: 241 sản phẩm, 4 khách hàng, 8 đơn hàng, 31 nhà phân phối
2025-06-17 21:33:35,041 - INFO - Bắt đầu biến đổi dữ liệu
2025-06-17 21:33:35,054 - INFO - Biến đổi dữ liệu hoàn tất
2025-06-17 21:33:35,054 - INFO - Bắt đầu đẩy dữ liệu vào SQL Server...
2025-06-17 21:33:35,153 - INFO - Kết nối SQL Server thành công.
2025-06-17 21:33:35,153 - INFO - Đang upsert 241 dòng vào bảng Product...
2025-06-17 21:33:35,486 - INFO - Đã upsert xong bảng Product
2025-06-17 21:33:35,486 - INFO - Đang upsert 2 dòng vào bảng Time...
2025-06-17 21:33:35,493 - INFO - Đã upsert xong bảng Time
2025-06-17 21:33:35,493 - INFO - Đang upsert 4 dòng vào bảng Customer...
2025-06-17 21:33:35,508 - INFO - Đã upsert xong bảng Customer
2025-06-17 21:33:35,508 - INFO - Đang upsert 4 dòng vào bảng Customer_type...
2025-06-17 21:33:35,519 - INFO - Đã upsert xong bảng Customer_type
2025-06-17 21:33:35,519 - INFO - Đang upsert 4 dòng vào bảng Customer_location...
2025-06-17 21:33:35,539 - INFO - Đã upsert xong bảng Customer_location
2025-06-17 21:33:35,540 - INFO - Đang upsert 31 dòng vào bảng distributor...
2025-06-17 21:33:35,603 - INFO - Đã upsert xong bảng distributor
2025-06-17 21:33:35,604 - INFO - Đang upsert 3 dòng vào bảng Sales_rep...
2025-06-17 21:33:35,620 - INFO - Đã upsert xong bảng Sales_rep
2025-06-17 21:33:35,620 - INFO - Đang upsert 8 dòng vào bảng Fact...
2025-06-17 21:33:37,587 - INFO - Đã upsert xong bảng Fact
2025-06-17 21:33:37,587 - INFO - Đẩy dữ liệu vào SQL Server thành công (không xóa dữ liệu cũ).
2025-06-17 21:33:37,588 - INFO - Bắt đầu quá trình tự động cập nhật SSAS...
2025-06-17 21:33:37,588 - INFO - Đang tự động cập nhật SSAS database...
2025-06-17 21:33:37,589 - INFO - Tạo script XMLA để process SSAS database...
2025-06-17 21:33:37,589 - INFO - Đã tạo script XMLA tại output_data\process_20250617_213337\process_ssas.xmla
2025-06-17 21:33:37,590 - INFO - Phương pháp 1: Sử dụng PowerShell để process SSAS...
2025-06-17 21:33:37,590 - INFO - Đang thực thi PowerShell script output_data\process_20250617_213337\auto_process.ps1...
2025-06-17 21:33:39,790 - INFO - SSAS đã được cập nhật thành công qua PowerShell!
2025-06-17 21:33:39,791 - INFO - === KẾT THÚC QUY TRÌNH ETL === (Thời gian xử lý: 5.079366 giây)
2025-06-17 21:33:39,791 - INFO - ✓ SSAS đã được cập nhật thành công! Có thể làm mới Power BI để xem dữ liệu mới.
2025-06-17 21:34:10,367 - INFO - === BẮT ĐẦU QUY TRÌNH ETL TỰ ĐỘNG VÀO SQL SERVER VÀ SSAS ===
2025-06-17 21:34:10,368 - INFO - Trích xuất dữ liệu từ DB nguồn để ETL vào SQL Server và SSAS...
2025-06-17 21:34:10,368 - INFO - Đang trích xuất dữ liệu từ database nguồn HTQL...
2025-06-17 21:34:10,543 - INFO - Đã lấy dữ liệu: 241 sản phẩm, 4 khách hàng, 8 đơn hàng, 31 nhà phân phối
2025-06-17 21:34:10,543 - INFO - Bắt đầu biến đổi dữ liệu
2025-06-17 21:34:10,555 - INFO - Biến đổi dữ liệu hoàn tất
2025-06-17 21:34:10,555 - INFO - Bắt đầu đẩy dữ liệu vào SQL Server...
2025-06-17 21:34:10,568 - INFO - Kết nối SQL Server thành công.
2025-06-17 21:34:10,568 - INFO - Đang upsert 241 dòng vào bảng Product...
2025-06-17 21:34:10,630 - INFO - Đã upsert xong bảng Product
2025-06-17 21:34:10,630 - INFO - Đang upsert 2 dòng vào bảng Time...
2025-06-17 21:34:10,632 - INFO - Đã upsert xong bảng Time
2025-06-17 21:34:10,632 - INFO - Đang upsert 4 dòng vào bảng Customer...
2025-06-17 21:34:10,633 - INFO - Đã upsert xong bảng Customer
2025-06-17 21:34:10,634 - INFO - Đang upsert 4 dòng vào bảng Customer_type...
2025-06-17 21:34:10,635 - INFO - Đã upsert xong bảng Customer_type
2025-06-17 21:34:10,635 - INFO - Đang upsert 4 dòng vào bảng Customer_location...
2025-06-17 21:34:10,636 - INFO - Đã upsert xong bảng Customer_location
2025-06-17 21:34:10,636 - INFO - Đang upsert 31 dòng vào bảng distributor...
2025-06-17 21:34:10,642 - INFO - Đã upsert xong bảng distributor
2025-06-17 21:34:10,642 - INFO - Đang upsert 3 dòng vào bảng Sales_rep...
2025-06-17 21:34:10,643 - INFO - Đã upsert xong bảng Sales_rep
2025-06-17 21:34:10,643 - INFO - Đang upsert 8 dòng vào bảng Fact...
2025-06-17 21:34:12,359 - INFO - Đã upsert xong bảng Fact
2025-06-17 21:34:12,361 - INFO - Đẩy dữ liệu vào SQL Server thành công (không xóa dữ liệu cũ).
2025-06-17 21:34:12,361 - INFO - Bắt đầu quá trình tự động cập nhật SSAS...
2025-06-17 21:34:12,362 - INFO - Đang tự động cập nhật SSAS database...
2025-06-17 21:34:12,362 - INFO - Tạo script XMLA để process SSAS database...
2025-06-17 21:34:12,363 - INFO - Đã tạo script XMLA tại output_data\process_20250617_213412\process_ssas.xmla
2025-06-17 21:34:12,364 - INFO - Phương pháp 1: Sử dụng PowerShell để process SSAS...
2025-06-17 21:34:12,364 - INFO - Đang thực thi PowerShell script output_data\process_20250617_213412\auto_process.ps1...
2025-06-17 21:34:19,667 - INFO - SSAS đã được cập nhật thành công qua PowerShell!
2025-06-17 21:34:19,668 - INFO - === KẾT THÚC QUY TRÌNH ETL === (Thời gian xử lý: 9.300953 giây)
2025-06-17 21:34:19,668 - INFO - ✓ SSAS đã được cập nhật thành công! Có thể làm mới Power BI để xem dữ liệu mới.
